<?xml version="1.0" encoding="UTF-8"?>
<coverage generated="1787642808926" clover="3.2.0">
  <project timestamp="1787642808926" name="All files">
    <metrics statements="126" coveredstatements="82" conditionals="54" coveredconditionals="14" methods="38" coveredmethods="14" elements="218" coveredelements="110" complexity="0" loc="126" ncloc="126" packages="2" files="11" classes="11"/>
    <package name="components">
      <metrics statements="82" coveredstatements="51" conditionals="40" coveredconditionals="11" methods="26" coveredmethods="11"/>
      <file name="Body.js" path="F:\AMY\React\React\components\Body.js">
        <metrics statements="46" coveredstatements="22" conditionals="24" coveredconditionals="4" methods="12" coveredmethods="3"/>
        <line num="7" count="1" type="stmt"/>
        <line num="8" count="2" type="stmt"/>
        <line num="9" count="2" type="stmt"/>
        <line num="10" count="2" type="stmt"/>
        <line num="11" count="2" type="stmt"/>
        <line num="12" count="2" type="stmt"/>
        <line num="14" count="2" type="stmt"/>
        <line num="15" count="1" type="stmt"/>
        <line num="18" count="2" type="stmt"/>
        <line num="19" count="1" type="stmt"/>
        <line num="20" count="1" type="stmt"/>
        <line num="21" count="1" type="stmt"/>
        <line num="25" count="1" type="cond" truecount="1" falsecount="1"/>
        <line num="27" count="0" type="stmt"/>
        <line num="30" count="0" type="cond" truecount="0" falsecount="2"/>
        <line num="32" count="0" type="stmt"/>
        <line num="36" count="0" type="stmt"/>
        <line num="37" count="0" type="stmt"/>
        <line num="39" count="1" type="stmt"/>
        <line num="40" count="1" type="stmt"/>
        <line num="42" count="1" type="stmt"/>
        <line num="46" count="2" type="stmt"/>
        <line num="47" count="0" type="stmt"/>
        <line num="49" count="0" type="cond" truecount="0" falsecount="2"/>
        <line num="50" count="0" type="stmt"/>
        <line num="51" count="0" type="stmt"/>
        <line num="54" count="0" type="stmt"/>
        <line num="56" count="0" type="stmt"/>
        <line num="57" count="0" type="cond" truecount="0" falsecount="2"/>
        <line num="58" count="0" type="cond" truecount="0" falsecount="2"/>
        <line num="60" count="0" type="stmt"/>
        <line num="68" count="2" type="stmt"/>
        <line num="69" count="0" type="stmt"/>
        <line num="72" count="0" type="cond" truecount="0" falsecount="2"/>
        <line num="77" count="2" type="stmt"/>
        <line num="78" count="0" type="stmt"/>
        <line num="79" count="0" type="stmt"/>
        <line num="82" count="2" type="cond" truecount="2" falsecount="0"/>
        <line num="84" count="1" type="cond" truecount="1" falsecount="1"/>
        <line num="85" count="1" type="stmt"/>
        <line num="100" count="0" type="stmt"/>
        <line num="115" count="0" type="stmt"/>
        <line num="116" count="0" type="cond" truecount="0" falsecount="2"/>
        <line num="143" count="0" type="stmt"/>
        <line num="144" count="0" type="cond" truecount="0" falsecount="2"/>
        <line num="146" count="0" type="stmt"/>
      </file>
      <file name="Contact.js" path="F:\AMY\React\React\components\Contact.js">
        <metrics statements="2" coveredstatements="2" conditionals="0" coveredconditionals="0" methods="1" coveredmethods="1"/>
        <line num="2" count="1" type="stmt"/>
        <line num="3" count="1" type="stmt"/>
      </file>
      <file name="Header.js" path="F:\AMY\React\React\components\Header.js">
        <metrics statements="20" coveredstatements="16" conditionals="10" coveredconditionals="4" methods="8" coveredmethods="4"/>
        <line num="12" count="1" type="stmt"/>
        <line num="13" count="3" type="stmt"/>
        <line num="15" count="3" type="stmt"/>
        <line num="17" count="3" type="stmt"/>
        <line num="18" count="3" type="stmt"/>
        <line num="21" count="3" type="stmt"/>
        <line num="22" count="6" type="stmt"/>
        <line num="25" count="3" type="stmt"/>
        <line num="26" count="0" type="cond" truecount="0" falsecount="2"/>
        <line num="30" count="3" type="stmt"/>
        <line num="31" count="1" type="stmt"/>
        <line num="34" count="3" type="stmt"/>
        <line num="35" count="0" type="stmt"/>
        <line num="36" count="0" type="stmt"/>
        <line num="39" count="3" type="stmt"/>
        <line num="40" count="1" type="stmt"/>
        <line num="41" count="1" type="stmt"/>
        <line num="42" count="1" type="stmt"/>
        <line num="45" count="3" type="stmt"/>
        <line num="141" count="0" type="stmt"/>
      </file>
      <file name="Restcard.js" path="F:\AMY\React\React\components\Restcard.js">
        <metrics statements="9" coveredstatements="6" conditionals="6" coveredconditionals="3" methods="3" coveredmethods="1"/>
        <line num="4" count="2" type="stmt"/>
        <line num="5" count="1" type="stmt"/>
        <line num="6" count="1" type="stmt"/>
        <line num="7" count="1" type="cond" truecount="1" falsecount="1"/>
        <line num="9" count="1" type="stmt"/>
        <line num="34" count="2" type="stmt"/>
        <line num="35" count="0" type="stmt"/>
        <line num="36" count="0" type="stmt"/>
        <line num="44" count="0" type="stmt"/>
      </file>
      <file name="Shimmer.js" path="F:\AMY\React\React\components\Shimmer.js">
        <metrics statements="3" coveredstatements="3" conditionals="0" coveredconditionals="0" methods="1" coveredmethods="1"/>
        <line num="1" count="1" type="stmt"/>
        <line num="2" count="1" type="stmt"/>
        <line num="3" count="1" type="stmt"/>
      </file>
      <file name="sum.js" path="F:\AMY\React\React\components\sum.js">
        <metrics statements="2" coveredstatements="2" conditionals="0" coveredconditionals="0" methods="1" coveredmethods="1"/>
        <line num="1" count="1" type="stmt"/>
        <line num="2" count="1" type="stmt"/>
      </file>
    </package>
    <package name="utils">
      <metrics statements="44" coveredstatements="31" conditionals="14" coveredconditionals="3" methods="12" coveredmethods="3"/>
      <file name="Appstore.js" path="F:\AMY\React\React\utils\Appstore.js">
        <metrics statements="1" coveredstatements="1" conditionals="0" coveredconditionals="0" methods="0" coveredmethods="0"/>
        <line num="8" count="1" type="stmt"/>
      </file>
      <file name="CartContext.js" path="F:\AMY\React\React\utils\CartContext.js">
        <metrics statements="19" coveredstatements="6" conditionals="10" coveredconditionals="0" methods="10" coveredmethods="1"/>
        <line num="3" count="1" type="stmt"/>
        <line num="5" count="1" type="stmt"/>
        <line num="6" count="2" type="stmt"/>
        <line num="8" count="2" type="stmt"/>
        <line num="9" count="0" type="stmt"/>
        <line num="10" count="0" type="stmt"/>
        <line num="12" count="0" type="cond" truecount="0" falsecount="2"/>
        <line num="13" count="0" type="stmt"/>
        <line num="14" count="0" type="cond" truecount="0" falsecount="2"/>
        <line num="20" count="0" type="stmt"/>
        <line num="24" count="2" type="stmt"/>
        <line num="25" count="0" type="stmt"/>
        <line num="26" count="0" type="stmt"/>
        <line num="28" count="0" type="cond" truecount="0" falsecount="2"/>
        <line num="30" count="0" type="cond" truecount="0" falsecount="2"/>
        <line num="31" count="0" type="stmt"/>
        <line num="34" count="0" type="stmt"/>
        <line num="35" count="0" type="cond" truecount="0" falsecount="2"/>
        <line num="42" count="2" type="stmt"/>
      </file>
      <file name="CartSlice.js" path="F:\AMY\React\React\utils\CartSlice.js">
        <metrics statements="0" coveredstatements="0" conditionals="0" coveredconditionals="0" methods="0" coveredmethods="0"/>
      </file>
      <file name="constants.js" path="F:\AMY\React\React\utils\constants.js">
        <metrics statements="9" coveredstatements="9" conditionals="0" coveredconditionals="0" methods="0" coveredmethods="0"/>
        <line num="12" count="3" type="stmt"/>
        <line num="15" count="3" type="stmt"/>
        <line num="18" count="3" type="stmt"/>
        <line num="21" count="3" type="stmt"/>
        <line num="24" count="3" type="stmt"/>
        <line num="27" count="3" type="stmt"/>
        <line num="30" count="3" type="stmt"/>
        <line num="33" count="3" type="stmt"/>
        <line num="36" count="3" type="stmt"/>
      </file>
      <file name="userSlice.js" path="F:\AMY\React\React\utils\userSlice.js">
        <metrics statements="15" coveredstatements="15" conditionals="4" coveredconditionals="3" methods="2" coveredmethods="2"/>
        <line num="4" count="1" type="stmt"/>
        <line num="5" count="1" type="stmt"/>
        <line num="7" count="1" type="stmt"/>
        <line num="13" count="1" type="stmt"/>
        <line num="21" count="1" type="stmt"/>
        <line num="22" count="1" type="stmt"/>
        <line num="23" count="1" type="stmt"/>
        <line num="26" count="1" type="stmt"/>
        <line num="31" count="1" type="stmt"/>
        <line num="39" count="1" type="stmt"/>
        <line num="40" count="1" type="stmt"/>
        <line num="41" count="1" type="stmt"/>
        <line num="44" count="1" type="stmt"/>
        <line num="45" count="1" type="stmt"/>
        <line num="50" count="1" type="stmt"/>
      </file>
    </package>
  </project>
</coverage>
