{"F:\\AMY\\React\\React\\components\\Body.js": {"path":"F:\\AMY\\React\\React\\components\\Body.js","statementMap":{"0":{"start":{"line":7,"column":13},"end":{"line":156,"column":1}},"1":{"start":{"line":8,"column":40},"end":{"line":8,"column":52}},"2":{"start":{"line":9,"column":56},"end":{"line":9,"column":68}},"3":{"start":{"line":10,"column":38},"end":{"line":10,"column":50}},"4":{"start":{"line":11,"column":32},"end":{"line":11,"column":46}},"5":{"start":{"line":12,"column":28},"end":{"line":12,"column":40}},"6":{"start":{"line":14,"column":2},"end":{"line":16,"column":9}},"7":{"start":{"line":15,"column":4},"end":{"line":15,"column":16}},"8":{"start":{"line":18,"column":20},"end":{"line":44,"column":3}},"9":{"start":{"line":19,"column":4},"end":{"line":43,"column":5}},"10":{"start":{"line":20,"column":6},"end":{"line":20,"column":23}},"11":{"start":{"line":21,"column":23},"end":{"line":23,"column":7}},"12":{"start":{"line":25,"column":6},"end":{"line":25,"column":71}},"13":{"start":{"line":25,"column":24},"end":{"line":25,"column":71}},"14":{"start":{"line":27,"column":19},"end":{"line":27,"column":40}},"15":{"start":{"line":30,"column":8},"end":{"line":34,"column":15}},"16":{"start":{"line":32,"column":12},"end":{"line":33,"column":72}},"17":{"start":{"line":36,"column":6},"end":{"line":36,"column":37}},"18":{"start":{"line":37,"column":6},"end":{"line":37,"column":45}},"19":{"start":{"line":39,"column":6},"end":{"line":39,"column":25}},"20":{"start":{"line":40,"column":6},"end":{"line":40,"column":69}},"21":{"start":{"line":42,"column":6},"end":{"line":42,"column":24}},"22":{"start":{"line":46,"column":23},"end":{"line":66,"column":3}},"23":{"start":{"line":47,"column":19},"end":{"line":47,"column":50}},"24":{"start":{"line":49,"column":4},"end":{"line":52,"column":5}},"25":{"start":{"line":50,"column":6},"end":{"line":50,"column":42}},"26":{"start":{"line":51,"column":6},"end":{"line":51,"column":13}},"27":{"start":{"line":54,"column":4},"end":{"line":65,"column":6}},"28":{"start":{"line":56,"column":21},"end":{"line":56,"column":49}},"29":{"start":{"line":57,"column":21},"end":{"line":57,"column":37}},"30":{"start":{"line":58,"column":25},"end":{"line":58,"column":56}},"31":{"start":{"line":60,"column":8},"end":{"line":63,"column":10}},"32":{"start":{"line":68,"column":25},"end":{"line":75,"column":3}},"33":{"start":{"line":69,"column":4},"end":{"line":74,"column":6}},"34":{"start":{"line":72,"column":10},"end":{"line":72,"column":68}},"35":{"start":{"line":77,"column":23},"end":{"line":80,"column":3}},"36":{"start":{"line":78,"column":4},"end":{"line":78,"column":22}},"37":{"start":{"line":79,"column":4},"end":{"line":79,"column":40}},"38":{"start":{"line":82,"column":2},"end":{"line":82,"column":34}},"39":{"start":{"line":82,"column":15},"end":{"line":82,"column":34}},"40":{"start":{"line":84,"column":2},"end":{"line":98,"column":3}},"41":{"start":{"line":85,"column":4},"end":{"line":97,"column":6}},"42":{"start":{"line":100,"column":2},"end":{"line":155,"column":4}},"43":{"start":{"line":115,"column":29},"end":{"line":115,"column":58}},"44":{"start":{"line":116,"column":30},"end":{"line":116,"column":65}},"45":{"start":{"line":143,"column":23},"end":{"line":143,"column":55}},"46":{"start":{"line":144,"column":12},"end":{"line":144,"column":33}},"47":{"start":{"line":144,"column":21},"end":{"line":144,"column":33}},"48":{"start":{"line":146,"column":12},"end":{"line":150,"column":14}}},"fnMap":{"0":{"name":"(anonymous_0)","decl":{"start":{"line":7,"column":13},"end":{"line":7,"column":14}},"loc":{"start":{"line":7,"column":19},"end":{"line":156,"column":1}},"line":7},"1":{"name":"(anonymous_1)","decl":{"start":{"line":14,"column":12},"end":{"line":14,"column":13}},"loc":{"start":{"line":14,"column":18},"end":{"line":16,"column":3}},"line":14},"2":{"name":"(anonymous_2)","decl":{"start":{"line":18,"column":20},"end":{"line":18,"column":21}},"loc":{"start":{"line":18,"column":32},"end":{"line":44,"column":3}},"line":18},"3":{"name":"(anonymous_3)","decl":{"start":{"line":31,"column":10},"end":{"line":31,"column":11}},"loc":{"start":{"line":32,"column":12},"end":{"line":33,"column":72}},"line":32},"4":{"name":"(anonymous_4)","decl":{"start":{"line":46,"column":23},"end":{"line":46,"column":24}},"loc":{"start":{"line":46,"column":29},"end":{"line":66,"column":3}},"line":46},"5":{"name":"(anonymous_5)","decl":{"start":{"line":55,"column":25},"end":{"line":55,"column":26}},"loc":{"start":{"line":55,"column":41},"end":{"line":64,"column":7}},"line":55},"6":{"name":"(anonymous_6)","decl":{"start":{"line":68,"column":25},"end":{"line":68,"column":26}},"loc":{"start":{"line":68,"column":31},"end":{"line":75,"column":3}},"line":68},"7":{"name":"(anonymous_7)","decl":{"start":{"line":71,"column":8},"end":{"line":71,"column":9}},"loc":{"start":{"line":72,"column":10},"end":{"line":72,"column":68}},"line":72},"8":{"name":"(anonymous_8)","decl":{"start":{"line":77,"column":23},"end":{"line":77,"column":24}},"loc":{"start":{"line":77,"column":29},"end":{"line":80,"column":3}},"line":77},"9":{"name":"(anonymous_9)","decl":{"start":{"line":115,"column":22},"end":{"line":115,"column":23}},"loc":{"start":{"line":115,"column":29},"end":{"line":115,"column":58}},"line":115},"10":{"name":"(anonymous_10)","decl":{"start":{"line":116,"column":23},"end":{"line":116,"column":24}},"loc":{"start":{"line":116,"column":30},"end":{"line":116,"column":65}},"line":116},"11":{"name":"(anonymous_11)","decl":{"start":{"line":142,"column":35},"end":{"line":142,"column":36}},"loc":{"start":{"line":142,"column":51},"end":{"line":151,"column":11}},"line":142}},"branchMap":{"0":{"loc":{"start":{"line":25,"column":6},"end":{"line":25,"column":71}},"type":"if","locations":[{"start":{"line":25,"column":6},"end":{"line":25,"column":71}},{"start":{},"end":{}}],"line":25},"1":{"loc":{"start":{"line":30,"column":8},"end":{"line":34,"column":15}},"type":"binary-expr","locations":[{"start":{"line":30,"column":8},"end":{"line":34,"column":9}},{"start":{"line":34,"column":13},"end":{"line":34,"column":15}}],"line":30},"2":{"loc":{"start":{"line":49,"column":4},"end":{"line":52,"column":5}},"type":"if","locations":[{"start":{"line":49,"column":4},"end":{"line":52,"column":5}},{"start":{},"end":{}}],"line":49},"3":{"loc":{"start":{"line":57,"column":21},"end":{"line":57,"column":37}},"type":"binary-expr","locations":[{"start":{"line":57,"column":21},"end":{"line":57,"column":31}},{"start":{"line":57,"column":35},"end":{"line":57,"column":37}}],"line":57},"4":{"loc":{"start":{"line":58,"column":25},"end":{"line":58,"column":56}},"type":"binary-expr","locations":[{"start":{"line":58,"column":25},"end":{"line":58,"column":50}},{"start":{"line":58,"column":54},"end":{"line":58,"column":56}}],"line":58},"5":{"loc":{"start":{"line":61,"column":10},"end":{"line":62,"column":49}},"type":"binary-expr","locations":[{"start":{"line":61,"column":10},"end":{"line":61,"column":45}},{"start":{"line":62,"column":10},"end":{"line":62,"column":49}}],"line":61},"6":{"loc":{"start":{"line":72,"column":17},"end":{"line":72,"column":61}},"type":"binary-expr","locations":[{"start":{"line":72,"column":17},"end":{"line":72,"column":56}},{"start":{"line":72,"column":60},"end":{"line":72,"column":61}}],"line":72},"7":{"loc":{"start":{"line":82,"column":2},"end":{"line":82,"column":34}},"type":"if","locations":[{"start":{"line":82,"column":2},"end":{"line":82,"column":34}},{"start":{},"end":{}}],"line":82},"8":{"loc":{"start":{"line":84,"column":2},"end":{"line":98,"column":3}},"type":"if","locations":[{"start":{"line":84,"column":2},"end":{"line":98,"column":3}},{"start":{},"end":{}}],"line":84},"9":{"loc":{"start":{"line":116,"column":30},"end":{"line":116,"column":65}},"type":"binary-expr","locations":[{"start":{"line":116,"column":30},"end":{"line":116,"column":47}},{"start":{"line":116,"column":51},"end":{"line":116,"column":65}}],"line":116},"10":{"loc":{"start":{"line":135,"column":7},"end":{"line":153,"column":7}},"type":"cond-expr","locations":[{"start":{"line":136,"column":8},"end":{"line":139,"column":14}},{"start":{"line":141,"column":8},"end":{"line":152,"column":14}}],"line":135},"11":{"loc":{"start":{"line":144,"column":12},"end":{"line":144,"column":33}},"type":"if","locations":[{"start":{"line":144,"column":12},"end":{"line":144,"column":33}},{"start":{},"end":{}}],"line":144}},"s":{"0":1,"1":2,"2":2,"3":2,"4":2,"5":2,"6":2,"7":1,"8":2,"9":1,"10":1,"11":1,"12":1,"13":1,"14":0,"15":0,"16":0,"17":0,"18":0,"19":1,"20":1,"21":1,"22":2,"23":0,"24":0,"25":0,"26":0,"27":0,"28":0,"29":0,"30":0,"31":0,"32":2,"33":0,"34":0,"35":2,"36":0,"37":0,"38":2,"39":1,"40":1,"41":1,"42":0,"43":0,"44":0,"45":0,"46":0,"47":0,"48":0},"f":{"0":2,"1":1,"2":1,"3":0,"4":0,"5":0,"6":0,"7":0,"8":0,"9":0,"10":0,"11":0},"b":{"0":[1,0],"1":[0,0],"2":[0,0],"3":[0,0],"4":[0,0],"5":[0,0],"6":[0,0],"7":[1,1],"8":[1,0],"9":[0,0],"10":[0,0],"11":[0,0]},"_coverageSchema":"1a1c01bbd47fc00a2c39e90264f33305004495a9","hash":"7b8c702b9c05154267e50514f953b2fcc392579f"}
,"F:\\AMY\\React\\React\\components\\Contact.js": {"path":"F:\\AMY\\React\\React\\components\\Contact.js","statementMap":{"0":{"start":{"line":2,"column":16},"end":{"line":8,"column":1}},"1":{"start":{"line":3,"column":4},"end":{"line":7,"column":5}}},"fnMap":{"0":{"name":"(anonymous_0)","decl":{"start":{"line":2,"column":16},"end":{"line":2,"column":17}},"loc":{"start":{"line":2,"column":22},"end":{"line":8,"column":1}},"line":2}},"branchMap":{},"s":{"0":1,"1":1},"f":{"0":1},"b":{},"_coverageSchema":"1a1c01bbd47fc00a2c39e90264f33305004495a9","hash":"055d0691e7fa12b90f0ce0a64ebed70c349fb839"}
,"F:\\AMY\\React\\React\\components\\Header.js": {"path":"F:\\AMY\\React\\React\\components\\Header.js","statementMap":{"0":{"start":{"line":12,"column":15},"end":{"line":235,"column":1}},"1":{"start":{"line":13,"column":34},"end":{"line":13,"column":49}},"2":{"start":{"line":15,"column":19},"end":{"line":15,"column":42}},"3":{"start":{"line":17,"column":19},"end":{"line":17,"column":32}},"4":{"start":{"line":18,"column":19},"end":{"line":18,"column":32}},"5":{"start":{"line":21,"column":36},"end":{"line":23,"column":3}},"6":{"start":{"line":22,"column":15},"end":{"line":22,"column":25}},"7":{"start":{"line":25,"column":20},"end":{"line":28,"column":3}},"8":{"start":{"line":26,"column":21},"end":{"line":26,"column":49}},"9":{"start":{"line":30,"column":20},"end":{"line":32,"column":3}},"10":{"start":{"line":31,"column":4},"end":{"line":31,"column":23}},"11":{"start":{"line":34,"column":22},"end":{"line":37,"column":3}},"12":{"start":{"line":35,"column":4},"end":{"line":35,"column":16}},"13":{"start":{"line":36,"column":4},"end":{"line":36,"column":23}},"14":{"start":{"line":39,"column":23},"end":{"line":43,"column":3}},"15":{"start":{"line":40,"column":4},"end":{"line":40,"column":23}},"16":{"start":{"line":41,"column":4},"end":{"line":41,"column":16}},"17":{"start":{"line":42,"column":4},"end":{"line":42,"column":18}},"18":{"start":{"line":45,"column":2},"end":{"line":234,"column":4}},"19":{"start":{"line":141,"column":25},"end":{"line":141,"column":53}},"20":{"start":{"line":141,"column":47},"end":{"line":141,"column":52}}},"fnMap":{"0":{"name":"(anonymous_0)","decl":{"start":{"line":12,"column":15},"end":{"line":12,"column":16}},"loc":{"start":{"line":12,"column":21},"end":{"line":235,"column":1}},"line":12},"1":{"name":"(anonymous_1)","decl":{"start":{"line":22,"column":4},"end":{"line":22,"column":5}},"loc":{"start":{"line":22,"column":15},"end":{"line":22,"column":25}},"line":22},"2":{"name":"(anonymous_2)","decl":{"start":{"line":26,"column":4},"end":{"line":26,"column":5}},"loc":{"start":{"line":26,"column":21},"end":{"line":26,"column":49}},"line":26},"3":{"name":"(anonymous_3)","decl":{"start":{"line":30,"column":20},"end":{"line":30,"column":21}},"loc":{"start":{"line":30,"column":26},"end":{"line":32,"column":3}},"line":30},"4":{"name":"(anonymous_4)","decl":{"start":{"line":34,"column":22},"end":{"line":34,"column":23}},"loc":{"start":{"line":34,"column":28},"end":{"line":37,"column":3}},"line":34},"5":{"name":"(anonymous_5)","decl":{"start":{"line":39,"column":23},"end":{"line":39,"column":24}},"loc":{"start":{"line":39,"column":29},"end":{"line":43,"column":3}},"line":39},"6":{"name":"(anonymous_6)","decl":{"start":{"line":141,"column":19},"end":{"line":141,"column":20}},"loc":{"start":{"line":141,"column":25},"end":{"line":141,"column":53}},"line":141},"7":{"name":"(anonymous_7)","decl":{"start":{"line":141,"column":37},"end":{"line":141,"column":38}},"loc":{"start":{"line":141,"column":47},"end":{"line":141,"column":52}},"line":141}},"branchMap":{"0":{"loc":{"start":{"line":26,"column":30},"end":{"line":26,"column":48}},"type":"binary-expr","locations":[{"start":{"line":26,"column":30},"end":{"line":26,"column":43}},{"start":{"line":26,"column":47},"end":{"line":26,"column":48}}],"line":26},"1":{"loc":{"start":{"line":107,"column":15},"end":{"line":131,"column":15}},"type":"cond-expr","locations":[{"start":{"line":108,"column":16},"end":{"line":122,"column":22}},{"start":{"line":124,"column":16},"end":{"line":130,"column":25}}],"line":107},"2":{"loc":{"start":{"line":144,"column":11},"end":{"line":144,"column":31}},"type":"cond-expr","locations":[{"start":{"line":144,"column":22},"end":{"line":144,"column":25}},{"start":{"line":144,"column":28},"end":{"line":144,"column":31}}],"line":144},"3":{"loc":{"start":{"line":149,"column":7},"end":{"line":232,"column":7}},"type":"binary-expr","locations":[{"start":{"line":149,"column":7},"end":{"line":149,"column":15}},{"start":{"line":150,"column":8},"end":{"line":231,"column":14}}],"line":149},"4":{"loc":{"start":{"line":202,"column":15},"end":{"line":226,"column":15}},"type":"cond-expr","locations":[{"start":{"line":203,"column":16},"end":{"line":217,"column":22}},{"start":{"line":219,"column":16},"end":{"line":225,"column":25}}],"line":202}},"s":{"0":1,"1":3,"2":3,"3":3,"4":3,"5":3,"6":6,"7":3,"8":0,"9":3,"10":1,"11":3,"12":0,"13":0,"14":3,"15":1,"16":1,"17":1,"18":3,"19":0,"20":0},"f":{"0":3,"1":6,"2":0,"3":1,"4":0,"5":1,"6":0,"7":0},"b":{"0":[0,0],"1":[1,2],"2":[0,3],"3":[3,0],"4":[0,0]},"_coverageSchema":"1a1c01bbd47fc00a2c39e90264f33305004495a9","hash":"a429f02eceaa95f31be169153b8561bb0898628c"}
,"F:\\AMY\\React\\React\\components\\Restcard.js": {"path":"F:\\AMY\\React\\React\\components\\Restcard.js","statementMap":{"0":{"start":{"line":4,"column":17},"end":{"line":32,"column":1}},"1":{"start":{"line":5,"column":15},"end":{"line":5,"column":40}},"2":{"start":{"line":6,"column":0},"end":{"line":6,"column":20}},"3":{"start":{"line":7,"column":2},"end":{"line":7,"column":25}},"4":{"start":{"line":7,"column":13},"end":{"line":7,"column":25}},"5":{"start":{"line":9,"column":2},"end":{"line":31,"column":4}},"6":{"start":{"line":34,"column":32},"end":{"line":45,"column":1}},"7":{"start":{"line":35,"column":23},"end":{"line":42,"column":3}},"8":{"start":{"line":36,"column":4},"end":{"line":41,"column":10}},"9":{"start":{"line":44,"column":2},"end":{"line":44,"column":22}}},"fnMap":{"0":{"name":"(anonymous_0)","decl":{"start":{"line":4,"column":17},"end":{"line":4,"column":18}},"loc":{"start":{"line":4,"column":34},"end":{"line":32,"column":1}},"line":4},"1":{"name":"(anonymous_1)","decl":{"start":{"line":34,"column":32},"end":{"line":34,"column":33}},"loc":{"start":{"line":34,"column":52},"end":{"line":45,"column":1}},"line":34},"2":{"name":"(anonymous_2)","decl":{"start":{"line":35,"column":23},"end":{"line":35,"column":24}},"loc":{"start":{"line":36,"column":4},"end":{"line":41,"column":10}},"line":36}},"branchMap":{"0":{"loc":{"start":{"line":7,"column":2},"end":{"line":7,"column":25}},"type":"if","locations":[{"start":{"line":7,"column":2},"end":{"line":7,"column":25}},{"start":{},"end":{}}],"line":7},"1":{"loc":{"start":{"line":14,"column":13},"end":{"line":14,"column":38}},"type":"binary-expr","locations":[{"start":{"line":14,"column":13},"end":{"line":14,"column":22}},{"start":{"line":14,"column":26},"end":{"line":14,"column":38}}],"line":14},"2":{"loc":{"start":{"line":27,"column":13},"end":{"line":27,"column":36}},"type":"binary-expr","locations":[{"start":{"line":27,"column":13},"end":{"line":27,"column":27}},{"start":{"line":27,"column":31},"end":{"line":27,"column":36}}],"line":27}},"s":{"0":2,"1":1,"2":1,"3":1,"4":0,"5":1,"6":2,"7":0,"8":0,"9":0},"f":{"0":1,"1":0,"2":0},"b":{"0":[0,1],"1":[1,0],"2":[1,0]},"_coverageSchema":"1a1c01bbd47fc00a2c39e90264f33305004495a9","hash":"3c1afe50815bfc62447746bf50117d3ec260c32d"}
,"F:\\AMY\\React\\React\\components\\Shimmer.js": {"path":"F:\\AMY\\React\\React\\components\\Shimmer.js","statementMap":{"0":{"start":{"line":1,"column":16},"end":{"line":23,"column":1}},"1":{"start":{"line":2,"column":2},"end":{"line":2,"column":34}},"2":{"start":{"line":3,"column":2},"end":{"line":22,"column":4}}},"fnMap":{"0":{"name":"(anonymous_0)","decl":{"start":{"line":1,"column":16},"end":{"line":1,"column":17}},"loc":{"start":{"line":1,"column":22},"end":{"line":23,"column":1}},"line":1}},"branchMap":{},"s":{"0":1,"1":1,"2":1},"f":{"0":1},"b":{},"_coverageSchema":"1a1c01bbd47fc00a2c39e90264f33305004495a9","hash":"4dd6ed09f59a7f6de1e2e02c4d8705f9fb69bd6d"}
,"F:\\AMY\\React\\React\\components\\sum.js": {"path":"F:\\AMY\\React\\React\\components\\sum.js","statementMap":{"0":{"start":{"line":1,"column":19},"end":{"line":3,"column":1}},"1":{"start":{"line":2,"column":2},"end":{"line":2,"column":15}}},"fnMap":{"0":{"name":"(anonymous_0)","decl":{"start":{"line":1,"column":19},"end":{"line":1,"column":20}},"loc":{"start":{"line":1,"column":29},"end":{"line":3,"column":1}},"line":1}},"branchMap":{},"s":{"0":1,"1":1},"f":{"0":1},"b":{},"_coverageSchema":"1a1c01bbd47fc00a2c39e90264f33305004495a9","hash":"e8ac82045f250fd8b60e072ce800ef35b53a646f"}
,"F:\\AMY\\React\\React\\utils\\Appstore.js": {"path":"F:\\AMY\\React\\React\\utils\\Appstore.js","statementMap":{"0":{"start":{"line":8,"column":17},"end":{"line":13,"column":2}}},"fnMap":{},"branchMap":{},"s":{"0":1},"f":{},"b":{},"_coverageSchema":"1a1c01bbd47fc00a2c39e90264f33305004495a9","hash":"736b356f0a805040de9b105cbca16d92bf911912"}
,"F:\\AMY\\React\\React\\utils\\CartContext.js": {"path":"F:\\AMY\\React\\React\\utils\\CartContext.js","statementMap":{"0":{"start":{"line":3,"column":27},"end":{"line":3,"column":46}},"1":{"start":{"line":5,"column":21},"end":{"line":47,"column":1}},"2":{"start":{"line":6,"column":26},"end":{"line":6,"column":38}},"3":{"start":{"line":8,"column":20},"end":{"line":22,"column":3}},"4":{"start":{"line":9,"column":4},"end":{"line":21,"column":7}},"5":{"start":{"line":10,"column":27},"end":{"line":10,"column":67}},"6":{"start":{"line":10,"column":47},"end":{"line":10,"column":66}},"7":{"start":{"line":12,"column":6},"end":{"line":18,"column":7}},"8":{"start":{"line":13,"column":8},"end":{"line":17,"column":10}},"9":{"start":{"line":14,"column":10},"end":{"line":16,"column":18}},"10":{"start":{"line":20,"column":6},"end":{"line":20,"column":49}},"11":{"start":{"line":24,"column":25},"end":{"line":40,"column":3}},"12":{"start":{"line":25,"column":4},"end":{"line":39,"column":7}},"13":{"start":{"line":26,"column":27},"end":{"line":26,"column":66}},"14":{"start":{"line":26,"column":47},"end":{"line":26,"column":65}},"15":{"start":{"line":28,"column":6},"end":{"line":28,"column":37}},"16":{"start":{"line":28,"column":25},"end":{"line":28,"column":37}},"17":{"start":{"line":30,"column":6},"end":{"line":32,"column":7}},"18":{"start":{"line":31,"column":8},"end":{"line":31,"column":57}},"19":{"start":{"line":31,"column":37},"end":{"line":31,"column":55}},"20":{"start":{"line":34,"column":6},"end":{"line":38,"column":8}},"21":{"start":{"line":35,"column":8},"end":{"line":37,"column":16}},"22":{"start":{"line":42,"column":2},"end":{"line":46,"column":4}}},"fnMap":{"0":{"name":"(anonymous_0)","decl":{"start":{"line":5,"column":21},"end":{"line":5,"column":22}},"loc":{"start":{"line":5,"column":39},"end":{"line":47,"column":1}},"line":5},"1":{"name":"(anonymous_1)","decl":{"start":{"line":8,"column":20},"end":{"line":8,"column":21}},"loc":{"start":{"line":8,"column":30},"end":{"line":22,"column":3}},"line":8},"2":{"name":"(anonymous_2)","decl":{"start":{"line":9,"column":12},"end":{"line":9,"column":13}},"loc":{"start":{"line":9,"column":22},"end":{"line":21,"column":5}},"line":9},"3":{"name":"(anonymous_3)","decl":{"start":{"line":10,"column":37},"end":{"line":10,"column":38}},"loc":{"start":{"line":10,"column":47},"end":{"line":10,"column":66}},"line":10},"4":{"name":"(anonymous_4)","decl":{"start":{"line":13,"column":24},"end":{"line":13,"column":25}},"loc":{"start":{"line":14,"column":10},"end":{"line":16,"column":18}},"line":14},"5":{"name":"(anonymous_5)","decl":{"start":{"line":24,"column":25},"end":{"line":24,"column":26}},"loc":{"start":{"line":24,"column":37},"end":{"line":40,"column":3}},"line":24},"6":{"name":"(anonymous_6)","decl":{"start":{"line":25,"column":12},"end":{"line":25,"column":13}},"loc":{"start":{"line":25,"column":22},"end":{"line":39,"column":5}},"line":25},"7":{"name":"(anonymous_7)","decl":{"start":{"line":26,"column":37},"end":{"line":26,"column":38}},"loc":{"start":{"line":26,"column":47},"end":{"line":26,"column":65}},"line":26},"8":{"name":"(anonymous_8)","decl":{"start":{"line":31,"column":27},"end":{"line":31,"column":28}},"loc":{"start":{"line":31,"column":37},"end":{"line":31,"column":55}},"line":31},"9":{"name":"(anonymous_9)","decl":{"start":{"line":34,"column":22},"end":{"line":34,"column":23}},"loc":{"start":{"line":35,"column":8},"end":{"line":37,"column":16}},"line":35}},"branchMap":{"0":{"loc":{"start":{"line":12,"column":6},"end":{"line":18,"column":7}},"type":"if","locations":[{"start":{"line":12,"column":6},"end":{"line":18,"column":7}},{"start":{},"end":{}}],"line":12},"1":{"loc":{"start":{"line":14,"column":10},"end":{"line":16,"column":18}},"type":"cond-expr","locations":[{"start":{"line":15,"column":14},"end":{"line":15,"column":54}},{"start":{"line":16,"column":14},"end":{"line":16,"column":18}}],"line":14},"2":{"loc":{"start":{"line":28,"column":6},"end":{"line":28,"column":37}},"type":"if","locations":[{"start":{"line":28,"column":6},"end":{"line":28,"column":37}},{"start":{},"end":{}}],"line":28},"3":{"loc":{"start":{"line":30,"column":6},"end":{"line":32,"column":7}},"type":"if","locations":[{"start":{"line":30,"column":6},"end":{"line":32,"column":7}},{"start":{},"end":{}}],"line":30},"4":{"loc":{"start":{"line":35,"column":8},"end":{"line":37,"column":16}},"type":"cond-expr","locations":[{"start":{"line":36,"column":12},"end":{"line":36,"column":52}},{"start":{"line":37,"column":12},"end":{"line":37,"column":16}}],"line":35}},"s":{"0":1,"1":1,"2":2,"3":2,"4":0,"5":0,"6":0,"7":0,"8":0,"9":0,"10":0,"11":2,"12":0,"13":0,"14":0,"15":0,"16":0,"17":0,"18":0,"19":0,"20":0,"21":0,"22":2},"f":{"0":2,"1":0,"2":0,"3":0,"4":0,"5":0,"6":0,"7":0,"8":0,"9":0},"b":{"0":[0,0],"1":[0,0],"2":[0,0],"3":[0,0],"4":[0,0]},"_coverageSchema":"1a1c01bbd47fc00a2c39e90264f33305004495a9","hash":"43bb60e259a7a6829b1db806089ca7f90c231dcc"}
,"F:\\AMY\\React\\React\\utils\\CartSlice.js": {"path":"F:\\AMY\\React\\React\\utils\\CartSlice.js","statementMap":{},"fnMap":{},"branchMap":{},"s":{},"f":{},"b":{},"_coverageSchema":"1a1c01bbd47fc00a2c39e90264f33305004495a9","hash":"e8d519f69f783bf6f8198117fb249d27c946b74c"}
,"F:\\AMY\\React\\React\\utils\\constants.js": {"path":"F:\\AMY\\React\\React\\utils\\constants.js","statementMap":{"0":{"start":{"line":12,"column":2},"end":{"line":12,"column":35}},"1":{"start":{"line":15,"column":2},"end":{"line":15,"column":31}},"2":{"start":{"line":18,"column":2},"end":{"line":18,"column":30}},"3":{"start":{"line":21,"column":2},"end":{"line":21,"column":31}},"4":{"start":{"line":24,"column":2},"end":{"line":24,"column":85}},"5":{"start":{"line":27,"column":2},"end":{"line":27,"column":159}},"6":{"start":{"line":30,"column":2},"end":{"line":30,"column":97}},"7":{"start":{"line":33,"column":2},"end":{"line":33,"column":97}},"8":{"start":{"line":36,"column":2},"end":{"line":36,"column":31}}},"fnMap":{},"branchMap":{},"s":{"0":3,"1":3,"2":3,"3":3,"4":3,"5":3,"6":3,"7":3,"8":3},"f":{},"b":{},"_coverageSchema":"1a1c01bbd47fc00a2c39e90264f33305004495a9","hash":"bb28ac3c132a1698acc01cfd2aecafdc8086e8aa"}
,"F:\\AMY\\React\\React\\utils\\userSlice.js": {"path":"F:\\AMY\\React\\React\\utils\\userSlice.js","statementMap":{"0":{"start":{"line":4,"column":18},"end":{"line":4,"column":46}},"1":{"start":{"line":5,"column":19},"end":{"line":5,"column":48}},"2":{"start":{"line":7,"column":21},"end":{"line":11,"column":1}},"3":{"start":{"line":13,"column":18},"end":{"line":48,"column":2}},"4":{"start":{"line":21,"column":6},"end":{"line":21,"column":39}},"5":{"start":{"line":22,"column":6},"end":{"line":22,"column":41}},"6":{"start":{"line":23,"column":6},"end":{"line":23,"column":35}},"7":{"start":{"line":26,"column":6},"end":{"line":29,"column":8}},"8":{"start":{"line":31,"column":6},"end":{"line":34,"column":8}},"9":{"start":{"line":39,"column":6},"end":{"line":39,"column":24}},"10":{"start":{"line":40,"column":6},"end":{"line":40,"column":25}},"11":{"start":{"line":41,"column":6},"end":{"line":41,"column":36}},"12":{"start":{"line":44,"column":6},"end":{"line":44,"column":38}},"13":{"start":{"line":45,"column":6},"end":{"line":45,"column":39}},"14":{"start":{"line":50,"column":33},"end":{"line":50,"column":50}}},"fnMap":{"0":{"name":"(anonymous_0)","decl":{"start":{"line":20,"column":11},"end":{"line":20,"column":12}},"loc":{"start":{"line":20,"column":30},"end":{"line":35,"column":5}},"line":20},"1":{"name":"(anonymous_1)","decl":{"start":{"line":38,"column":12},"end":{"line":38,"column":13}},"loc":{"start":{"line":38,"column":23},"end":{"line":46,"column":5}},"line":38}},"branchMap":{"0":{"loc":{"start":{"line":8,"column":8},"end":{"line":8,"column":48}},"type":"cond-expr","locations":[{"start":{"line":8,"column":20},"end":{"line":8,"column":41}},{"start":{"line":8,"column":44},"end":{"line":8,"column":48}}],"line":8},"1":{"loc":{"start":{"line":9,"column":9},"end":{"line":9,"column":27}},"type":"binary-expr","locations":[{"start":{"line":9,"column":9},"end":{"line":9,"column":19}},{"start":{"line":9,"column":23},"end":{"line":9,"column":27}}],"line":9}},"s":{"0":1,"1":1,"2":1,"3":1,"4":1,"5":1,"6":1,"7":1,"8":1,"9":1,"10":1,"11":1,"12":1,"13":1,"14":1},"f":{"0":1,"1":1},"b":{"0":[0,1],"1":[1,1]},"_coverageSchema":"1a1c01bbd47fc00a2c39e90264f33305004495a9","hash":"efc2bcdd309fa27c59026b882e0a326461a7c572"}
}
