TN:
SF:components\Body.js
FN:7,(anonymous_0)
FN:14,(anonymous_1)
FN:18,(anonymous_2)
FN:31,(anonymous_3)
FN:46,(anonymous_4)
FN:55,(anonymous_5)
FN:68,(anonymous_6)
FN:71,(anonymous_7)
FN:77,(anonymous_8)
FN:115,(anonymous_9)
FN:116,(anonymous_10)
FN:142,(anonymous_11)
FNF:12
FNH:3
FNDA:2,(anonymous_0)
FNDA:1,(anonymous_1)
FNDA:1,(anonymous_2)
FNDA:0,(anonymous_3)
FNDA:0,(anonymous_4)
FNDA:0,(anonymous_5)
FNDA:0,(anonymous_6)
FNDA:0,(anonymous_7)
FNDA:0,(anonymous_8)
FNDA:0,(anonymous_9)
FNDA:0,(anonymous_10)
FNDA:0,(anonymous_11)
DA:7,1
DA:8,2
DA:9,2
DA:10,2
DA:11,2
DA:12,2
DA:14,2
DA:15,1
DA:18,2
DA:19,1
DA:20,1
DA:21,1
DA:25,1
DA:27,0
DA:30,0
DA:32,0
DA:36,0
DA:37,0
DA:39,1
DA:40,1
DA:42,1
DA:46,2
DA:47,0
DA:49,0
DA:50,0
DA:51,0
DA:54,0
DA:56,0
DA:57,0
DA:58,0
DA:60,0
DA:68,2
DA:69,0
DA:72,0
DA:77,2
DA:78,0
DA:79,0
DA:82,2
DA:84,1
DA:85,1
DA:100,0
DA:115,0
DA:116,0
DA:143,0
DA:144,0
DA:146,0
LF:46
LH:22
BRDA:25,0,0,1
BRDA:25,0,1,0
BRDA:30,1,0,0
BRDA:30,1,1,0
BRDA:49,2,0,0
BRDA:49,2,1,0
BRDA:57,3,0,0
BRDA:57,3,1,0
BRDA:58,4,0,0
BRDA:58,4,1,0
BRDA:61,5,0,0
BRDA:61,5,1,0
BRDA:72,6,0,0
BRDA:72,6,1,0
BRDA:82,7,0,1
BRDA:82,7,1,1
BRDA:84,8,0,1
BRDA:84,8,1,0
BRDA:116,9,0,0
BRDA:116,9,1,0
BRDA:135,10,0,0
BRDA:135,10,1,0
BRDA:144,11,0,0
BRDA:144,11,1,0
BRF:24
BRH:4
end_of_record
TN:
SF:components\Contact.js
FN:2,(anonymous_0)
FNF:1
FNH:1
FNDA:1,(anonymous_0)
DA:2,1
DA:3,1
LF:2
LH:2
BRF:0
BRH:0
end_of_record
TN:
SF:components\Header.js
FN:12,(anonymous_0)
FN:22,(anonymous_1)
FN:26,(anonymous_2)
FN:30,(anonymous_3)
FN:34,(anonymous_4)
FN:39,(anonymous_5)
FN:141,(anonymous_6)
FN:141,(anonymous_7)
FNF:8
FNH:4
FNDA:3,(anonymous_0)
FNDA:6,(anonymous_1)
FNDA:0,(anonymous_2)
FNDA:1,(anonymous_3)
FNDA:0,(anonymous_4)
FNDA:1,(anonymous_5)
FNDA:0,(anonymous_6)
FNDA:0,(anonymous_7)
DA:12,1
DA:13,3
DA:15,3
DA:17,3
DA:18,3
DA:21,3
DA:22,6
DA:25,3
DA:26,0
DA:30,3
DA:31,1
DA:34,3
DA:35,0
DA:36,0
DA:39,3
DA:40,1
DA:41,1
DA:42,1
DA:45,3
DA:141,0
LF:20
LH:16
BRDA:26,0,0,0
BRDA:26,0,1,0
BRDA:107,1,0,1
BRDA:107,1,1,2
BRDA:144,2,0,0
BRDA:144,2,1,3
BRDA:149,3,0,3
BRDA:149,3,1,0
BRDA:202,4,0,0
BRDA:202,4,1,0
BRF:10
BRH:4
end_of_record
TN:
SF:components\Restcard.js
FN:4,(anonymous_0)
FN:34,(anonymous_1)
FN:35,(anonymous_2)
FNF:3
FNH:1
FNDA:1,(anonymous_0)
FNDA:0,(anonymous_1)
FNDA:0,(anonymous_2)
DA:4,2
DA:5,1
DA:6,1
DA:7,1
DA:9,1
DA:34,2
DA:35,0
DA:36,0
DA:44,0
LF:9
LH:6
BRDA:7,0,0,0
BRDA:7,0,1,1
BRDA:14,1,0,1
BRDA:14,1,1,0
BRDA:27,2,0,1
BRDA:27,2,1,0
BRF:6
BRH:3
end_of_record
TN:
SF:components\Shimmer.js
FN:1,(anonymous_0)
FNF:1
FNH:1
FNDA:1,(anonymous_0)
DA:1,1
DA:2,1
DA:3,1
LF:3
LH:3
BRF:0
BRH:0
end_of_record
TN:
SF:components\sum.js
FN:1,(anonymous_0)
FNF:1
FNH:1
FNDA:1,(anonymous_0)
DA:1,1
DA:2,1
LF:2
LH:2
BRF:0
BRH:0
end_of_record
TN:
SF:utils\Appstore.js
FNF:0
FNH:0
DA:8,1
LF:1
LH:1
BRF:0
BRH:0
end_of_record
TN:
SF:utils\CartContext.js
FN:5,(anonymous_0)
FN:8,(anonymous_1)
FN:9,(anonymous_2)
FN:10,(anonymous_3)
FN:13,(anonymous_4)
FN:24,(anonymous_5)
FN:25,(anonymous_6)
FN:26,(anonymous_7)
FN:31,(anonymous_8)
FN:34,(anonymous_9)
FNF:10
FNH:1
FNDA:2,(anonymous_0)
FNDA:0,(anonymous_1)
FNDA:0,(anonymous_2)
FNDA:0,(anonymous_3)
FNDA:0,(anonymous_4)
FNDA:0,(anonymous_5)
FNDA:0,(anonymous_6)
FNDA:0,(anonymous_7)
FNDA:0,(anonymous_8)
FNDA:0,(anonymous_9)
DA:3,1
DA:5,1
DA:6,2
DA:8,2
DA:9,0
DA:10,0
DA:12,0
DA:13,0
DA:14,0
DA:20,0
DA:24,2
DA:25,0
DA:26,0
DA:28,0
DA:30,0
DA:31,0
DA:34,0
DA:35,0
DA:42,2
LF:19
LH:6
BRDA:12,0,0,0
BRDA:12,0,1,0
BRDA:14,1,0,0
BRDA:14,1,1,0
BRDA:28,2,0,0
BRDA:28,2,1,0
BRDA:30,3,0,0
BRDA:30,3,1,0
BRDA:35,4,0,0
BRDA:35,4,1,0
BRF:10
BRH:0
end_of_record
TN:
SF:utils\CartSlice.js
FNF:0
FNH:0
LF:0
LH:0
BRF:0
BRH:0
end_of_record
TN:
SF:utils\constants.js
FNF:0
FNH:0
DA:12,3
DA:15,3
DA:18,3
DA:21,3
DA:24,3
DA:27,3
DA:30,3
DA:33,3
DA:36,3
LF:9
LH:9
BRF:0
BRH:0
end_of_record
TN:
SF:utils\userSlice.js
FN:20,(anonymous_0)
FN:38,(anonymous_1)
FNF:2
FNH:2
FNDA:1,(anonymous_0)
FNDA:1,(anonymous_1)
DA:4,1
DA:5,1
DA:7,1
DA:13,1
DA:21,1
DA:22,1
DA:23,1
DA:26,1
DA:31,1
DA:39,1
DA:40,1
DA:41,1
DA:44,1
DA:45,1
DA:50,1
LF:15
LH:15
BRDA:8,0,0,0
BRDA:8,0,1,1
BRDA:9,1,0,1
BRDA:9,1,1,1
BRF:4
BRH:3
end_of_record
